Arguments: 
  C:\Program Files\nodejs\node.exe C:\Users\bbbottle\AppData\Roaming\npm\node_modules\yarn\bin\yarn.js add rollup-plugin-copy -D

PATH: 
  C:\Users\bbbottle\code\playground\node_modules\.bin;C:\WINDOWS\system32;C:\WINDOWS;C:\WINDOWS\System32\Wbem;C:\WINDOWS\System32\WindowsPowerShell\v1.0\;C:\WINDOWS\System32\OpenSSH\;C:\Users\bbbottle\AppData\Roaming\nvm;C:\Program Files\nodejs;C:\Program Files\PowerShell\7\;C:\Program Files\nodejs\;C:\Program Files\Git\cmd;C:\Users\bbbottle\AppData\Local\Yarn\bin;C:\Users\bbbottle\.windows-build-tools\python27;C:\Users\bbbottle\AppData\Local\Microsoft\WindowsApps;C:\Users\bbbottle\AppData\Roaming\nvm;C:\Program Files\nodejs;C:\Users\bbbottle\AppData\Roaming\npm

Yarn version: 
  1.22.10

Node version: 
  10.16.0

Platform: 
  win32 x64

Trace: 
  Error: http://r.cnpmjs.org/@bbbottle%2fbox-canvas: [not_found] document not found
      at Request.params.callback [as _callback] (C:\Users\bbbottle\AppData\Roaming\npm\node_modules\yarn\lib\cli.js:66988:18)
      at Request.self.callback (C:\Users\bbbottle\AppData\Roaming\npm\node_modules\yarn\lib\cli.js:140662:22)
      at Request.emit (events.js:198:13)
      at Request.<anonymous> (C:\Users\bbbottle\AppData\Roaming\npm\node_modules\yarn\lib\cli.js:141634:10)
      at Request.emit (events.js:198:13)
      at Gunzip.<anonymous> (C:\Users\bbbottle\AppData\Roaming\npm\node_modules\yarn\lib\cli.js:141556:12)
      at Object.onceWrapper (events.js:286:20)
      at Gunzip.emit (events.js:203:15)
      at endReadableNT (_stream_readable.js:1129:12)
      at process._tickCallback (internal/process/next_tick.js:63:19)

npm manifest: 
  {
    "name": "zjh",
    "version": "2.8.4",
    "description": "https://zjh.im",
    "scripts": {
      "build": "z-build release",
      "dev": "z-build dev"
    },
    "author": "zjhou",
    "license": "ISC",
    "dependencies": {
      "@bbbottle/box-canvas": "^0.2.10",
      "@bbbottle/page-menu": "^0.1.3",
      "@zhoujiahao/utils": "^1.0.20"
    },
    "devDependencies": {
      "@babel/core": "^7.12.3",
      "@babel/plugin-proposal-class-properties": "^7.12.1",
      "@babel/plugin-proposal-export-default-from": "^7.12.1",
      "@babel/preset-env": "^7.12.1",
      "@babel/preset-react": "^7.12.5",
      "@svgr/rollup": "^5.5.0",
      "rollup-plugin-babel": "^4.4.0",
      "rollup-plugin-commonjs": "^10.1.0",
      "rollup-plugin-input-array": "^1.0.1",
      "rollup-plugin-node-resolve": "^5.2.0",
      "rollup-plugin-peer-deps-external": "^2.2.4",
      "rollup-plugin-postcss": "^3.1.8",
      "rollup-plugin-terser": "^7.0.2"
    }
  }

yarn manifest: 
  No manifest

Lockfile: 
  No lockfile
